Listening port is 8080
A request is received (ID: 1531218373203)
"http://example.org/person1"	 :"Person"
"http://example.org/person2"	 :"Person"
"http://example.org/person1"	"http://example.org/person2"	 :"follows"

A request is received (ID: 1531218373203)
"http://example.org/person1"	 :"Person"
"http://example.org/person2"	 :"Person"

A request is received (ID: 1531218373203)
"http://example.org/person1"	 :"Person"
"http://example.org/person2"	 :"Person"
"http://example.org/person1"	"http://example.org/person2"	 :"follows"	"since":"2016-12-20"

A request is received (ID: 1531218373203)
"http://example.org/person1"	 :"Person"
"http://example.org/person2"	 :"Person"
"http://example.org/person1"	"http://example.org/person2"	 :"follows"

A request is received (ID: 1531218373203)
fs.js:646
  return binding.open(pathModule._makeLong(path), stringToFlags(flags), mode);
                 ^

Error: ENOENT: no such file or directory, open './tmp/1531218373203/tmp.pg'
    at Object.fs.openSync (fs.js:646:18)
    at Object.fs.readFileSync (fs.js:551:33)
    at /home/ec2-user/browser/server.js:38:26
    at FSReqWrap.oncomplete (fs.js:135:15)
Listening port is 8080
A request is received (ID: 1531219764174)
"http://example.org/person1"	 :"Person"
"http://example.org/person2"	 :"Person"
"http://example.org/person1"	"http://example.org/person2"	 :"follows"

A request is received (ID: 1531219764174)
fs.js:646
  return binding.open(pathModule._makeLong(path), stringToFlags(flags), mode);
                 ^

Error: ENOENT: no such file or directory, open './tmp/1531219764174/tmp.pg'
    at Object.fs.openSync (fs.js:646:18)
    at Object.fs.readFileSync (fs.js:551:33)
    at /home/ec2-user/browser/server.js:38:26
    at FSReqWrap.oncomplete (fs.js:135:15)
Listening port is 8080
A request is received (ID: 1531219829670)
fs.js:646
  return binding.open(pathModule._makeLong(path), stringToFlags(flags), mode);
                 ^

Error: ENOENT: no such file or directory, open './tmp/1531219829670/tmp.pg'
    at Object.fs.openSync (fs.js:646:18)
    at Object.fs.readFileSync (fs.js:551:33)
    at /home/ec2-user/browser/server.js:38:26
    at FSReqWrap.oncomplete (fs.js:135:15)
Listening port is 8080
A request is received (ID: 1531219866007)
"http://example.org/person1"	 :"Person"
"http://example.org/person2"	 :"Person"
"http://example.org/person1"	"http://example.org/person2"	 :"follows"

A request is received (ID: 1531219866007)
"http://example.org/person1"	 :"Person"
"http://example.org/person2"	 :"Person"
"http://example.org/person1"	"http://example.org/person2"	 :"follows"

A request is received (ID: 1531219866007)
"http://example.org/person1"	 :"Person"
"http://example.org/person2"	 :"Person"
"http://example.org/person1"	"http://example.org/person2"	 :"follows"

A request is received (ID: 1531219866007)
fs.js:646
  return binding.open(pathModule._makeLong(path), stringToFlags(flags), mode);
                 ^

Error: ENOENT: no such file or directory, open './tmp/1531219866007/tmp.pg'
    at Object.fs.openSync (fs.js:646:18)
    at Object.fs.readFileSync (fs.js:551:33)
    at /home/ec2-user/browser/server.js:38:26
    at FSReqWrap.oncomplete (fs.js:135:15)
